[0.081s] Invoking command in '/home/acir/robotdog2/build/robotdog2': CONDA_PROMPT_MODIFIER=(base) /usr/bin/cmake --build /home/acir/robotdog2/build/robotdog2 -- -j8 -l8
[0.097s] -- Found ament_cmake: 1.3.6 (/opt/ros/humble/share/ament_cmake/cmake)
[0.200s] -- Override CMake install command with custom implementation using symlinks instead of copying resources
[0.206s] -- Found ament_lint_auto: 0.12.9 (/opt/ros/humble/share/ament_lint_auto/cmake)
[0.246s] Error parsing '/home/acir/robotdog2/package.xml':
[0.279s] Traceback (most recent call last):
[0.279s]   File "/opt/ros/humble/share/ament_cmake_core/cmake/core/package_xml_2_cmake.py", line 150, in <module>
[0.279s]     main()
[0.279s]   File "/opt/ros/humble/share/ament_cmake_core/cmake/core/package_xml_2_cmake.py", line 53, in main
[0.280s]     raise e
[0.280s]   File "/opt/ros/humble/share/ament_cmake_core/cmake/core/package_xml_2_cmake.py", line 49, in main
[0.280s]     package = parse_package_string(
[0.280s]   File "/usr/lib/python3/dist-packages/catkin_pkg/package.py", line 788, in parse_package_string
[0.280s]     pkg.validate(warnings=warnings)
[0.280s]   File "/usr/lib/python3/dist-packages/catkin_pkg/package.py", line 330, in validate
[0.280s]     raise InvalidPackage('\n'.join(errors), self.filename)
[0.280s] catkin_pkg.package.InvalidPackage: Error(s) in package '/home/acir/robotdog2/package.xml':
[0.280s] Package name "robotdog2.urdf" does not follow naming conventions
[0.291s] [31mCMake Error at /opt/ros/humble/share/ament_cmake_core/cmake/core/ament_package_xml.cmake:95 (message):
[0.291s]   execute_process(/usr/bin/python3.10
[0.291s]   /opt/ros/humble/share/ament_cmake_core/cmake/core/package_xml_2_cmake.py
[0.291s]   /home/acir/robotdog2/package.xml
[0.291s]   /home/acir/robotdog2/build/robotdog2/ament_cmake_core/package.cmake)
[0.291s]   returned error code 1
[0.291s] Call Stack (most recent call first):
[0.292s]   /opt/ros/humble/share/ament_cmake_core/cmake/core/ament_package_xml.cmake:49 (_ament_package_xml)
[0.292s]   /opt/ros/humble/share/ament_lint_auto/cmake/ament_lint_auto_find_test_dependencies.cmake:31 (ament_package_xml)
[0.292s]   CMakeLists.txt:13 (ament_lint_auto_find_test_dependencies)
[0.292s] 
[0.292s] [0m
[0.292s] -- Configuring incomplete, errors occurred!
[0.292s] See also "/home/acir/robotdog2/build/robotdog2/CMakeFiles/CMakeOutput.log".
[0.293s] gmake: *** [Makefile:226ï¼šcmake_check_build_system] é”™è¯¯ 1
[0.295s] Invoked command in '/home/acir/robotdog2/build/robotdog2' returned '2': CONDA_PROMPT_MODIFIER=(base) /usr/bin/cmake --build /home/acir/robotdog2/build/robotdog2 -- -j8 -l8
