[0.000000] (-) TimerEvent: {}
[0.000088] (robotdog2) JobQueued: {'identifier': 'robotdog2', 'dependencies': OrderedDict()}
[0.000131] (robotdog2) JobStarted: {'identifier': 'robotdog2'}
[0.078515] (robotdog2) JobProgress: {'identifier': 'robotdog2', 'progress': 'cmake'}
[0.079540] (robotdog2) JobProgress: {'identifier': 'robotdog2', 'progress': 'build'}
[0.079570] (robotdog2) Command: {'cmd': ['/usr/bin/cmake', '--build', '/home/acir/robotdog2/build/robotdog2', '--', '-j8', '-l8'], 'cwd': '/home/acir/robotdog2/build/robotdog2', 'env': OrderedDict([('LESSOPEN', '| /usr/bin/lesspipe %s'), ('CONDA_PROMPT_MODIFIER', '(base)'), ('LANGUAGE', 'zh_CN:en_US:en'), ('USER', 'acir'), ('SSH_CLIENT', '10.6.235.208 54101 22'), ('LC_TIME', 'zh_CN.UTF-8'), ('XDG_SESSION_TYPE', 'tty'), ('SHLVL', '1'), ('LD_LIBRARY_PATH', '/opt/ros/humble/opt/rviz_ogre_vendor/lib:/opt/ros/humble/lib/x86_64-linux-gnu:/opt/ros/humble/lib'), ('MOTD_SHOWN', 'pam'), ('HOME', '/home/acir'), ('CONDA_SHLVL', '1'), ('OLDPWD', '/home/acir'), ('SSH_TTY', '/dev/pts/2'), ('ROS_PYTHON_VERSION', '3'), ('LC_MONETARY', 'zh_CN.UTF-8'), ('DBUS_SESSION_BUS_ADDRESS', 'unix:path=/run/user/1000/bus'), ('_CE_M', ''), ('COLCON_PREFIX_PATH', '/home/acir/xacro-ros2/install:/home/acir/urdf_launch-main/install:/home/acir/robotdog2/install'), ('ROS_DISTRO', 'humble'), ('LOGNAME', 'acir'), ('_', '/usr/bin/colcon'), ('ROS_VERSION', '2'), ('XDG_SESSION_CLASS', 'user'), ('TERM', 'xterm-256color'), ('XDG_SESSION_ID', '246'), ('_CE_CONDA', ''), ('ROS_LOCALHOST_ONLY', '0'), ('PATH', '/home/acir/xacro-ros2/install/xacro/bin:/home/acir/anaconda3/bin:/home/acir/anaconda3/condabin:/opt/ros/humble/bin:/usr/local/sbin:/usr/local/bin:/usr/sbin:/usr/bin:/sbin:/bin:/usr/games:/usr/local/games:/snap/bin'), ('PAPERSIZE', 'a4'), ('LC_ADDRESS', 'zh_CN.UTF-8'), ('XDG_RUNTIME_DIR', '/run/user/1000'), ('LANG', 'zh_CN.UTF-8'), ('LC_TELEPHONE', 'zh_CN.UTF-8'), ('LS_COLORS', 'rs=0:di=01;34:ln=01;36:mh=00:pi=40;33:so=01;35:do=01;35:bd=40;33;01:cd=40;33;01:or=40;31;01:mi=00:su=37;41:sg=30;43:ca=30;41:tw=30;42:ow=34;42:st=37;44:ex=01;32:*.tar=01;31:*.tgz=01;31:*.arc=01;31:*.arj=01;31:*.taz=01;31:*.lha=01;31:*.lz4=01;31:*.lzh=01;31:*.lzma=01;31:*.tlz=01;31:*.txz=01;31:*.tzo=01;31:*.t7z=01;31:*.zip=01;31:*.z=01;31:*.dz=01;31:*.gz=01;31:*.lrz=01;31:*.lz=01;31:*.lzo=01;31:*.xz=01;31:*.zst=01;31:*.tzst=01;31:*.bz2=01;31:*.bz=01;31:*.tbz=01;31:*.tbz2=01;31:*.tz=01;31:*.deb=01;31:*.rpm=01;31:*.jar=01;31:*.war=01;31:*.ear=01;31:*.sar=01;31:*.rar=01;31:*.alz=01;31:*.ace=01;31:*.zoo=01;31:*.cpio=01;31:*.7z=01;31:*.rz=01;31:*.cab=01;31:*.wim=01;31:*.swm=01;31:*.dwm=01;31:*.esd=01;31:*.jpg=01;35:*.jpeg=01;35:*.mjpg=01;35:*.mjpeg=01;35:*.gif=01;35:*.bmp=01;35:*.pbm=01;35:*.pgm=01;35:*.ppm=01;35:*.tga=01;35:*.xbm=01;35:*.xpm=01;35:*.tif=01;35:*.tiff=01;35:*.png=01;35:*.svg=01;35:*.svgz=01;35:*.mng=01;35:*.pcx=01;35:*.mov=01;35:*.mpg=01;35:*.mpeg=01;35:*.m2v=01;35:*.mkv=01;35:*.webm=01;35:*.webp=01;35:*.ogm=01;35:*.mp4=01;35:*.m4v=01;35:*.mp4v=01;35:*.vob=01;35:*.qt=01;35:*.nuv=01;35:*.wmv=01;35:*.asf=01;35:*.rm=01;35:*.rmvb=01;35:*.flc=01;35:*.avi=01;35:*.fli=01;35:*.flv=01;35:*.gl=01;35:*.dl=01;35:*.xcf=01;35:*.xwd=01;35:*.yuv=01;35:*.cgm=01;35:*.emf=01;35:*.ogv=01;35:*.ogx=01;35:*.aac=00;36:*.au=00;36:*.flac=00;36:*.m4a=00;36:*.mid=00;36:*.midi=00;36:*.mka=00;36:*.mp3=00;36:*.mpc=00;36:*.ogg=00;36:*.ra=00;36:*.wav=00;36:*.oga=00;36:*.opus=00;36:*.spx=00;36:*.xspf=00;36:'), ('AMENT_PREFIX_PATH', '/home/acir/xacro-ros2/install/xacro:/home/acir/urdf_launch-main/install/urdf_launch:/home/acir/robotdog2/install/robotdog2:/opt/ros/humble'), ('CONDA_PYTHON_EXE', '/home/acir/anaconda3/bin/python'), ('SHELL', '/bin/bash'), ('LC_NAME', 'zh_CN.UTF-8'), ('LESSCLOSE', '/usr/bin/lesspipe %s %s'), ('CONDA_DEFAULT_ENV', 'base'), ('LC_MEASUREMENT', 'zh_CN.UTF-8'), ('LC_IDENTIFICATION', 'zh_CN.UTF-8'), ('PWD', '/home/acir/robotdog2/build/robotdog2'), ('LC_ALL', 'en_US.UTF-8'), ('CONDA_EXE', '/home/acir/anaconda3/bin/conda'), ('SSH_CONNECTION', '10.6.235.208 54101 222.29.98.197 22'), ('XDG_DATA_DIRS', '/usr/share/gnome:/usr/local/share:/usr/share:/var/lib/snapd/desktop'), ('PYTHONPATH', '/home/acir/xacro-ros2/install/xacro/local/lib/python3.10/dist-packages:/opt/ros/humble/lib/python3.10/site-packages:/opt/ros/humble/local/lib/python3.10/dist-packages'), ('LC_NUMERIC', 'zh_CN.UTF-8'), ('CONDA_PREFIX', '/home/acir/anaconda3'), ('LC_PAPER', 'zh_CN.UTF-8'), ('COLCON', '1'), ('CMAKE_PREFIX_PATH', '/home/acir/xacro-ros2/install/xacro:/home/acir/urdf_launch-main/install/urdf_launch:/home/acir/robotdog2/install/robotdog2')]), 'shell': False}
[0.097201] (robotdog2) StdoutLine: {'line': b'-- Found ament_cmake: 1.3.6 (/opt/ros/humble/share/ament_cmake/cmake)\n'}
[0.099509] (-) TimerEvent: {}
[0.199711] (-) TimerEvent: {}
[0.200042] (robotdog2) StdoutLine: {'line': b'-- Override CMake install command with custom implementation using symlinks instead of copying resources\n'}
[0.205860] (robotdog2) StdoutLine: {'line': b'-- Found ament_lint_auto: 0.12.9 (/opt/ros/humble/share/ament_lint_auto/cmake)\n'}
[0.245747] (robotdog2) StderrLine: {'line': b"Error parsing '/home/acir/robotdog2/package.xml':\n"}
[0.279368] (robotdog2) StderrLine: {'line': b'Traceback (most recent call last):\n'}
[0.279483] (robotdog2) StderrLine: {'line': b'  File "/opt/ros/humble/share/ament_cmake_core/cmake/core/package_xml_2_cmake.py", line 150, in <module>\n'}
[0.279536] (robotdog2) StderrLine: {'line': b'    main()\n'}
[0.279582] (robotdog2) StderrLine: {'line': b'  File "/opt/ros/humble/share/ament_cmake_core/cmake/core/package_xml_2_cmake.py", line 53, in main\n'}
[0.279629] (robotdog2) StderrLine: {'line': b'    raise e\n'}
[0.279674] (robotdog2) StderrLine: {'line': b'  File "/opt/ros/humble/share/ament_cmake_core/cmake/core/package_xml_2_cmake.py", line 49, in main\n'}
[0.279799] (robotdog2) StderrLine: {'line': b'    package = parse_package_string(\n'}
[0.279855] (robotdog2) StderrLine: {'line': b'  File "/usr/lib/python3/dist-packages/catkin_pkg/package.py", line 788, in parse_package_string\n'}
[0.279903] (robotdog2) StderrLine: {'line': b'    pkg.validate(warnings=warnings)\n'}
[0.279950] (robotdog2) StderrLine: {'line': b'  File "/usr/lib/python3/dist-packages/catkin_pkg/package.py", line 330, in validate\n'}
[0.279995] (robotdog2) StderrLine: {'line': b"    raise InvalidPackage('\\n'.join(errors), self.filename)\n"}
[0.280039] (robotdog2) StderrLine: {'line': b"catkin_pkg.package.InvalidPackage: Error(s) in package '/home/acir/robotdog2/package.xml':\n"}
[0.280083] (robotdog2) StderrLine: {'line': b'Package name "robotdog2.urdf" does not follow naming conventions\n'}
[0.291123] (robotdog2) StderrLine: {'line': b'\x1b[31mCMake Error at /opt/ros/humble/share/ament_cmake_core/cmake/core/ament_package_xml.cmake:95 (message):\n'}
[0.291315] (robotdog2) StderrLine: {'line': b'  execute_process(/usr/bin/python3.10\n'}
[0.291382] (robotdog2) StderrLine: {'line': b'  /opt/ros/humble/share/ament_cmake_core/cmake/core/package_xml_2_cmake.py\n'}
[0.291433] (robotdog2) StderrLine: {'line': b'  /home/acir/robotdog2/package.xml\n'}
[0.291479] (robotdog2) StderrLine: {'line': b'  /home/acir/robotdog2/build/robotdog2/ament_cmake_core/package.cmake)\n'}
[0.291524] (robotdog2) StderrLine: {'line': b'  returned error code 1\n'}
[0.291568] (robotdog2) StderrLine: {'line': b'Call Stack (most recent call first):\n'}
[0.291612] (robotdog2) StderrLine: {'line': b'  /opt/ros/humble/share/ament_cmake_core/cmake/core/ament_package_xml.cmake:49 (_ament_package_xml)\n'}
[0.291656] (robotdog2) StderrLine: {'line': b'  /opt/ros/humble/share/ament_lint_auto/cmake/ament_lint_auto_find_test_dependencies.cmake:31 (ament_package_xml)\n'}
[0.291699] (robotdog2) StderrLine: {'line': b'  CMakeLists.txt:13 (ament_lint_auto_find_test_dependencies)\n'}
[0.291743] (robotdog2) StderrLine: {'line': b'\n'}
[0.291786] (robotdog2) StderrLine: {'line': b'\x1b[0m\n'}
[0.291829] (robotdog2) StdoutLine: {'line': b'-- Configuring incomplete, errors occurred!\n'}
[0.291879] (robotdog2) StdoutLine: {'line': b'See also "/home/acir/robotdog2/build/robotdog2/CMakeFiles/CMakeOutput.log".\n'}
[0.293442] (robotdog2) StderrLine: {'line': b'gmake: *** [Makefile:226\xef\xbc\x9acmake_check_build_system] \xe9\x94\x99\xe8\xaf\xaf 1\n'}
[0.295040] (robotdog2) CommandEnded: {'returncode': 2}
[0.295271] (robotdog2) JobEnded: {'identifier': 'robotdog2', 'rc': 2}
[0.299861] (-) TimerEvent: {}
[0.305348] (-) EventReactorShutdown: {}
