[0.051s] Invoking command in '/home/acir/robotdogtalk_ws/build/dog_voice': CMAKE_PREFIX_PATH=/opt/ros/humble CONDA_PROMPT_MODIFIER=(base) /usr/bin/cmake --build /home/acir/robotdogtalk_ws/build/dog_voice -- -j8 -l8
[0.070s] -- Found ament_cmake: 1.3.6 (/opt/ros/humble/share/ament_cmake/cmake)
[0.191s] -- Found rclcpp: 16.0.7 (/opt/ros/humble/share/rclcpp/cmake)
[0.215s] -- Found rosidl_generator_c: 3.1.5 (/opt/ros/humble/share/rosidl_generator_c/cmake)
[0.217s] -- Found rosidl_adapter: 3.1.5 (/opt/ros/humble/share/rosidl_adapter/cmake)
[0.221s] -- Found rosidl_generator_cpp: 3.1.5 (/opt/ros/humble/share/rosidl_generator_cpp/cmake)
[0.231s] -- Using all available rosidl_typesupport_c: rosidl_typesupport_fastrtps_c;rosidl_typesupport_introspection_c
[0.246s] -- Using all available rosidl_typesupport_cpp: rosidl_typesupport_fastrtps_cpp;rosidl_typesupport_introspection_cpp
[0.297s] -- Found rmw_implementation_cmake: 6.1.1 (/opt/ros/humble/share/rmw_implementation_cmake/cmake)
[0.298s] -- Found rmw_fastrtps_cpp: 6.2.5 (/opt/ros/humble/share/rmw_fastrtps_cpp/cmake)
[0.404s] -- Using RMW implementation 'rmw_fastrtps_cpp' as default
[0.541s] -- Found ament_lint_auto: 0.12.9 (/opt/ros/humble/share/ament_lint_auto/cmake)
[0.598s] -- Added test 'cppcheck' to perform static code analysis on C / C++ code
[0.598s] -- Configured cppcheck include dirs: /home/acir/robotdogtalk_ws/src/dog_voice/include
[0.598s] -- Configured cppcheck exclude dirs and/or files: 
[0.598s] -- Added test 'lint_cmake' to check CMake code style
[0.599s] -- Added test 'uncrustify' to check C / C++ code style
[0.599s] -- Configured uncrustify additional arguments: 
[0.600s] -- Added test 'xmllint' to check XML markup files
[0.601s] -- Configuring done
[0.608s] [0mWARNING: Target "iat_publish" requests linking to directory "/home/acir/robotdogtalk_ws/src/dog_voice".  Targets may link only to libraries.  CMake is dropping the item.[0m
[0.610s] [0mWARNING: Target "tts_subscribe" requests linking to directory "/home/acir/robotdogtalk_ws/src/dog_voice".  Targets may link only to libraries.  CMake is dropping the item.[0m
[0.612s] -- Generating done
[0.613s] -- Build files have been written to: /home/acir/robotdogtalk_ws/build/dog_voice
[0.645s] [ 50%] [32mBuilding C object CMakeFiles/iat_publish.dir/src/linuxrec.c.o[0m
[0.645s] [ 50%] [32mBuilding CXX object CMakeFiles/tts_subscribe.dir/src/tts_subscribe.cpp.o[0m
[0.645s] [ 50%] [32mBuilding CXX object CMakeFiles/iat_publish.dir/src/iat_publish.cpp.o[0m
[0.646s] [ 66%] [32mBuilding C object CMakeFiles/iat_publish.dir/src/speech_recognizer.c.o[0m
[0.690s] [01m[K/home/acir/robotdogtalk_ws/src/dog_voice/src/speech_recognizer.c:13:10:[m[K [01;31m[Kfatal error: [m[Kdog_voice/speech_recognizer.h: æ²¡æœ‰é‚£ä¸ªæ–‡ä»¶æˆ–ç›®å½•
[0.690s]    13 | #include [01;31m[K"dog_voice/speech_recognizer.h"[m[K
[0.690s]       |          [01;31m[K^~~~~~~~~~~~~~~~~~~~~~~~~~~~~~~[m[K
[0.691s] compilation terminated.
[0.691s] [01m[K/home/acir/robotdogtalk_ws/src/dog_voice/src/iat_publish.cpp:9:10:[m[K [01;31m[Kfatal error: [m[Kdog_voice/qisr.h: æ²¡æœ‰é‚£ä¸ªæ–‡ä»¶æˆ–ç›®å½•
[0.691s]     9 | #include [01;31m[K"dog_voice/qisr.h"[m[K
[0.691s]       |          [01;31m[K^~~~~~~~~~~~~~~~~~[m[K
[0.691s] compilation terminated.
[0.691s] gmake[2]: *** [CMakeFiles/iat_publish.dir/build.make:90ï¼šCMakeFiles/iat_publish.dir/src/speech_recognizer.c.o] é”™è¯¯ 1
[0.692s] gmake[2]: *** æ­£åœ¨ç­‰å¾…æœªå®Œæˆçš„ä»»åŠ¡....
[0.692s] gmake[2]: *** [CMakeFiles/iat_publish.dir/build.make:76ï¼šCMakeFiles/iat_publish.dir/src/iat_publish.cpp.o] é”™è¯¯ 1
[0.698s] [01m[K/home/acir/robotdogtalk_ws/src/dog_voice/src/linuxrec.c:16:10:[m[K [01;31m[Kfatal error: [m[Kdog_voice/formats.h: æ²¡æœ‰é‚£ä¸ªæ–‡ä»¶æˆ–ç›®å½•
[0.698s]    16 | #include [01;31m[K"dog_voice/formats.h"[m[K
[0.698s]       |          [01;31m[K^~~~~~~~~~~~~~~~~~~~~[m[K
[0.698s] compilation terminated.
[0.699s] gmake[2]: *** [CMakeFiles/iat_publish.dir/build.make:104ï¼šCMakeFiles/iat_publish.dir/src/linuxrec.c.o] é”™è¯¯ 1
[0.699s] gmake[1]: *** [CMakeFiles/Makefile2:139ï¼šCMakeFiles/iat_publish.dir/all] é”™è¯¯ 2
[0.699s] gmake[1]: *** æ­£åœ¨ç­‰å¾…æœªå®Œæˆçš„ä»»åŠ¡....
[0.851s] [01m[K/home/acir/robotdogtalk_ws/src/dog_voice/src/tts_subscribe.cpp:5:10:[m[K [01;31m[Kfatal error: [m[Kdog_voice/qtts.h: æ²¡æœ‰é‚£ä¸ªæ–‡ä»¶æˆ–ç›®å½•
[0.851s]     5 | #include [01;31m[K"dog_voice/qtts.h"[m[K
[0.851s]       |          [01;31m[K^~~~~~~~~~~~~~~~~~[m[K
[0.851s] compilation terminated.
[0.854s] gmake[2]: *** [CMakeFiles/tts_subscribe.dir/build.make:76ï¼šCMakeFiles/tts_subscribe.dir/src/tts_subscribe.cpp.o] é”™è¯¯ 1
[0.854s] gmake[1]: *** [CMakeFiles/Makefile2:165ï¼šCMakeFiles/tts_subscribe.dir/all] é”™è¯¯ 2
[0.854s] gmake: *** [Makefile:146ï¼šall] é”™è¯¯ 2
[0.856s] Invoked command in '/home/acir/robotdogtalk_ws/build/dog_voice' returned '2': CMAKE_PREFIX_PATH=/opt/ros/humble CONDA_PROMPT_MODIFIER=(base) /usr/bin/cmake --build /home/acir/robotdogtalk_ws/build/dog_voice -- -j8 -l8
