[0.046s] Invoking command in '/home/acir/robotdogtalk_ws/build/dog_voice': CMAKE_PREFIX_PATH=/opt/ros/humble CONDA_PROMPT_MODIFIER=(base) /usr/bin/cmake --build /home/acir/robotdogtalk_ws/build/dog_voice -- -j8 -l8
[0.082s] [35m[1mConsolidate compiler generated dependencies of target tts_subscribe[0m
[0.093s] [ 66%] Built target iat_publish
[0.098s] [ 83%] [32mBuilding CXX object CMakeFiles/tts_subscribe.dir/src/tts_subscribe.cpp.o[0m
[1.949s] [01m[K/home/acir/robotdogtalk_ws/src/dog_voice/src/tts_subscribe.cpp:145:67:[m[K [01;35m[Kwarning: [m[Kâ€˜[01m[Kstd_msgs::msg::String_<std::allocator<void> >::ConstPtr[m[Kâ€™ is deprecated [[01;35m[K]8;;https://gcc.gnu.org/onlinedocs/gcc/Warning-Options.html#index-Wdeprecated-declarations-Wdeprecated-declarations]8;;[m[K]
[1.949s]   145 | void voiceWordsCallback(const std_msgs::msg::String::ConstPtr& msg[01;35m[K)[m[K
[1.949s]       |                                                                   [01;35m[K^[m[K
[1.949s] In file included from [01m[K/opt/ros/humble/include/std_msgs/std_msgs/msg/string.hpp:7[m[K,
[1.949s]                  from [01m[K/home/acir/robotdogtalk_ws/src/dog_voice/src/tts_subscribe.cpp:16[m[K:
[1.949s] [01m[K/opt/ros/humble/include/std_msgs/std_msgs/msg/detail/string__struct.hpp:105:5:[m[K [01;36m[Knote: [m[Kdeclared here
[1.949s]   105 |     [01;36m[KConstPtr[m[K;
[1.949s]       |     [01;36m[K^~~~~~~~[m[K
[1.956s] [01m[K/home/acir/robotdogtalk_ws/src/dog_voice/src/tts_subscribe.cpp:[m[K In function â€˜[01m[Kvoid voiceWordsCallback(const ConstPtr&)[m[Kâ€™:
[1.956s] [01m[K/home/acir/robotdogtalk_ws/src/dog_voice/src/tts_subscribe.cpp:178:9:[m[K [01;31m[Kerror: [m[Kâ€˜[01m[KcommandPub[m[Kâ€™ was not declared in this scope
[1.956s]   178 |         [01;31m[KcommandPub[m[K->publish(msg);
[1.956s]       |         [01;31m[K^~~~~~~~~~[m[K
[1.961s] [01m[K/home/acir/robotdogtalk_ws/src/dog_voice/src/tts_subscribe.cpp:194:9:[m[K [01;31m[Kerror: [m[Kâ€˜[01m[KcommandPub[m[Kâ€™ was not declared in this scope
[1.961s]   194 |         [01;31m[KcommandPub[m[K->publish(msg);
[1.961s]       |         [01;31m[K^~~~~~~~~~[m[K
[1.965s] [01m[K/home/acir/robotdogtalk_ws/src/dog_voice/src/tts_subscribe.cpp:147:10:[m[K [01;35m[Kwarning: [m[Kunused variable â€˜[01m[Kcmd[m[Kâ€™ [[01;35m[K]8;;https://gcc.gnu.org/onlinedocs/gcc/Warning-Options.html#index-Wunused-variable-Wunused-variable]8;;[m[K]
[1.965s]   147 |     char [01;35m[Kcmd[m[K[2000];
[1.965s]       |          [01;35m[K^~~[m[K
[2.001s] [01m[K/home/acir/robotdogtalk_ws/src/dog_voice/src/tts_subscribe.cpp:[m[K In function â€˜[01m[Kint main(int, char**)[m[Kâ€™:
[2.001s] [01m[K/home/acir/robotdogtalk_ws/src/dog_voice/src/tts_subscribe.cpp:308:1:[m[K [01;35m[Kwarning: [m[Klabel â€˜[01m[Kexit[m[Kâ€™ defined but not used [[01;35m[K]8;;https://gcc.gnu.org/onlinedocs/gcc/Warning-Options.html#index-Wunused-label-Wunused-label]8;;[m[K]
[2.001s]   308 | [01;35m[Kexit[m[K:
[2.001s]       | [01;35m[K^~~~[m[K
[3.960s] gmake[2]: *** [CMakeFiles/tts_subscribe.dir/build.make:76ï¼šCMakeFiles/tts_subscribe.dir/src/tts_subscribe.cpp.o] é”™è¯¯ 1
[3.960s] gmake[1]: *** [CMakeFiles/Makefile2:165ï¼šCMakeFiles/tts_subscribe.dir/all] é”™è¯¯ 2
[3.961s] gmake: *** [Makefile:146ï¼šall] é”™è¯¯ 2
[3.964s] Invoked command in '/home/acir/robotdogtalk_ws/build/dog_voice' returned '2': CMAKE_PREFIX_PATH=/opt/ros/humble CONDA_PROMPT_MODIFIER=(base) /usr/bin/cmake --build /home/acir/robotdogtalk_ws/build/dog_voice -- -j8 -l8
